\BOOKMARK [0][-]{bm:MainTitle.0}{\376\377\000M\000a\000i\000n\000\040\000T\000i\000t\000l\000e}{}% 1
\BOOKMARK [0][-]{bm:Title.0}{\376\377\000T\000i\000t\000l\000e\000\040\000P\000a\000g\000e}{}% 2
\BOOKMARK [0][-]{bm:Copyright.0}{\376\377\000C\000o\000p\000y\000r\000i\000g\000h\000t}{}% 3
\BOOKMARK [0][-]{bm:Dedication.0}{\376\377\000D\000e\000d\000i\000c\000a\000t\000i\000o\000n}{}% 4
\BOOKMARK [0][-]{bm:TOC.0}{\376\377\000T\000a\000b\000l\000e\000\040\000o\000f\000\040\000C\000o\000n\000t\000e\000n\000t\000s}{}% 5
\BOOKMARK [0][-]{chapter*.1}{\376\377\000S\000u\000m\000m\000a\000r\000y}{}% 6
\BOOKMARK [0][-]{chapter*.2}{\376\377\000S\000a\000m\000e\000n\000v\000a\000t\000t\000i\000n\000g}{}% 7
\BOOKMARK [0][-]{chapter.1}{\376\377\000I\000n\000t\000r\000o\000d\000u\000c\000t\000i\000o\000n}{}% 8
\BOOKMARK [1][-]{section.1.1}{\376\377\000T\000h\000e\000\040\000S\000e\000c\000o\000n\000d\000\040\000Q\000u\000a\000n\000t\000u\000m\000\040\000R\000e\000v\000o\000l\000u\000t\000i\000o\000n}{chapter.1}% 9
\BOOKMARK [1][-]{section.1.2}{\376\377\000D\000i\000a\000m\000o\000n\000d\000s\000\040\000a\000r\000e\000\040\000f\000o\000r\000\040\000q\000u\000a\000n\000t\000u\000m}{chapter.1}% 10
\BOOKMARK [1][-]{section.1.3}{\376\377\000T\000h\000e\000s\000i\000s\000\040\000o\000v\000e\000r\000v\000i\000e\000w}{chapter.1}% 11
\BOOKMARK [1][-]{section.1.4}{\376\377\000B\000i\000b\000l\000i\000o\000g\000r\000a\000p\000h\000y}{chapter.1}% 12
\BOOKMARK [0][-]{chapter.2}{\376\377\000E\000x\000p\000e\000r\000i\000m\000e\000n\000t\000a\000l\000\040\000c\000o\000n\000t\000r\000o\000l\000\040\000a\000n\000d\000\040\000t\000h\000e\000o\000r\000y\000\040\000o\000f\000\040\000t\000h\000e\000\040\000N\000V\000\040\000c\000e\000n\000t\000e\000r}{}% 13
\BOOKMARK [1][-]{section.2.1}{\376\377\000T\000h\000e\000\040\000N\000V\000\040\000c\000e\000n\000t\000e\000r\000\040\000i\000n\000\040\000d\000i\000a\000m\000o\000n\000d}{chapter.2}% 14
\BOOKMARK [1][-]{section.2.2}{\376\377\000S\000i\000n\000g\000l\000e\000\040\000N\000V\000\040\000c\000e\000n\000t\000e\000r\000\040\000d\000e\000v\000i\000c\000e}{chapter.2}% 15
\BOOKMARK [1][-]{section.2.3}{\376\377\000A\000d\000d\000r\000e\000s\000s\000i\000n\000g\000\040\000t\000h\000e\000\040\000e\000l\000e\000c\000t\000r\000o\000n\000\040\000e\000x\000c\000i\000t\000e\000d\000\040\000s\000t\000a\000t\000e}{chapter.2}% 16
\BOOKMARK [1][-]{section.2.4}{\376\377\000G\000r\000o\000u\000n\000d\000\040\000s\000t\000a\000t\000e\000\040\000s\000p\000i\000n\000\040\000c\000o\000n\000t\000r\000o\000l}{chapter.2}% 17
\BOOKMARK [1][-]{section.2.5}{\376\377\000E\000l\000e\000c\000t\000r\000o\000n\000\040\000s\000p\000i\000n\000\040\000c\000o\000h\000e\000r\000e\000n\000c\000e\000\040\000t\000i\000m\000e\000s}{chapter.2}% 18
\BOOKMARK [1][-]{section.2.6}{\376\377\000C\000o\000u\000p\000l\000i\000n\000g\000\040\000t\000o\000\040\000i\000n\000d\000i\000v\000i\000d\000u\000a\000l\000\040\000n\000u\000c\000l\000e\000a\000r\000\040\000s\000p\000i\000n\000s}{chapter.2}% 19
\BOOKMARK [2][-]{subsection.2.6.1}{\376\377\000H\000o\000s\000t\000\040\000n\000i\000t\000r\000o\000g\000e\000n\000\040\000s\000p\000i\000n}{section.2.6}% 20
\BOOKMARK [2][-]{subsection.2.6.2}{\376\377\0001\0003\000C\000\040\000s\000p\000i\000n\000s}{section.2.6}% 21
\BOOKMARK [1][-]{section.2.7}{\376\377\000I\000n\000i\000t\000i\000a\000l\000i\000z\000a\000t\000i\000o\000n\000\040\000b\000y\000\040\000Q\000u\000a\000n\000t\000u\000m\000\040\000m\000e\000a\000s\000u\000r\000e\000m\000e\000n\000t}{chapter.2}% 22
\BOOKMARK [1][-]{section.2.8}{\376\377\000B\000i\000b\000l\000i\000o\000g\000r\000a\000p\000h\000y}{chapter.2}% 23
\BOOKMARK [0][-]{chapter.3}{\376\377\000M\000a\000n\000i\000p\000u\000l\000a\000t\000i\000n\000g\000\040\000a\000\040\000q\000u\000b\000i\000t\000\040\000t\000h\000r\000o\000u\000g\000h\000\040\000t\000h\000e\000\040\000b\000a\000c\000k\000a\000c\000t\000i\000o\000n\000\040\000o\000f\000\040\000a\000d\000a\000p\000t\000i\000v\000e\000\040\000m\000e\000a\000s\000u\000r\000e\000m\000e\000n\000t\000s}{}% 24
\BOOKMARK [1][-]{section.3.1}{\376\377\000I\000n\000t\000r\000o\000d\000u\000c\000t\000i\000o\000n}{chapter.3}% 25
\BOOKMARK [1][-]{section.3.2}{\376\377\000V\000a\000r\000i\000a\000b\000l\000e\000-\000s\000t\000r\000e\000n\000g\000t\000h\000\040\000m\000e\000a\000s\000u\000r\000e\000m\000e\000n\000t}{chapter.3}% 26
\BOOKMARK [1][-]{section.3.3}{\376\377\000G\000e\000n\000e\000r\000a\000l\000i\000z\000e\000d\000\040\000w\000e\000a\000k\000\040\000v\000a\000l\000u\000e}{chapter.3}% 27
\BOOKMARK [1][-]{section.3.4}{\376\377\000Q\000N\000D\000-\000m\000e\000a\000s\000u\000r\000e\000m\000e\000n\000t\000\040\000o\000f\000\040\000t\000h\000e\000\040\000a\000n\000c\000i\000l\000l\000a\000\040\000q\000u\000b\000i\000t}{chapter.3}% 28
\BOOKMARK [1][-]{section.3.5}{\376\377\000C\000o\000n\000t\000r\000o\000l\000\040\000b\000y\000\040\000a\000d\000a\000p\000t\000i\000v\000e\000\040\000m\000e\000a\000s\000u\000r\000e\000m\000e\000n\000t\000s}{chapter.3}% 29
\BOOKMARK [1][-]{section.3.6}{\376\377\000M\000e\000t\000h\000o\000d\000s}{chapter.3}% 30
\BOOKMARK [1][-]{section.3.7}{\376\377\000B\000i\000b\000l\000i\000o\000g\000r\000a\000p\000h\000y}{chapter.3}% 31
\BOOKMARK [0][-]{chapter.4}{\376\377\000O\000p\000t\000i\000m\000i\000z\000e\000d\000\040\000q\000u\000a\000n\000t\000u\000m\000\040\000s\000e\000n\000s\000i\000n\000g\000\040\000u\000s\000i\000n\000g\000\040\000r\000e\000a\000l\000-\000t\000i\000m\000e\000\040\000a\000d\000a\000p\000t\000i\000v\000e\000\040\000m\000e\000a\000s\000u\000r\000e\000m\000e\000n\000t\000s}{}% 32
\BOOKMARK [1][-]{section.4.1}{\376\377\000I\000n\000t\000r\000o\000d\000u\000c\000t\000i\000o\000n}{chapter.4}% 33
\BOOKMARK [1][-]{section.4.2}{\376\377\000D\000.\000C\000.\000\040\000M\000a\000g\000n\000e\000t\000o\000m\000e\000t\000r\000y}{chapter.4}% 34
\BOOKMARK [1][-]{section.4.3}{\376\377\000A\000d\000a\000p\000t\000i\000v\000e\000\040\000f\000r\000e\000q\000u\000e\000n\000c\000y\000\040\000e\000s\000t\000i\000m\000a\000t\000i\000o\000n\000\040\000p\000r\000o\000t\000o\000c\000o\000l}{chapter.4}% 35
\BOOKMARK [1][-]{section.4.4}{\376\377\000C\000o\000m\000p\000a\000r\000i\000s\000o\000n\000\040\000b\000e\000t\000w\000e\000e\000n\000\040\000a\000d\000a\000p\000t\000i\000v\000e\000\040\000a\000n\000d\000\040\000n\000o\000n\000-\000a\000d\000a\000p\000t\000i\000v\000e\000\040\000p\000r\000o\000t\000o\000c\000o\000l\000s}{chapter.4}% 36
\BOOKMARK [1][-]{section.4.5}{\376\377\000M\000e\000t\000h\000o\000d\000s}{chapter.4}% 37
\BOOKMARK [2][-]{subsection.4.5.1}{\376\377\000S\000a\000m\000p\000l\000e\000\040\000a\000n\000d\000\040\000e\000x\000p\000e\000r\000i\000m\000e\000n\000t\000a\000l\000\040\000s\000e\000t\000u\000p}{section.4.5}% 38
\BOOKMARK [2][-]{subsection.4.5.2}{\376\377\000A\000d\000a\000p\000t\000i\000v\000e\000\040\000a\000l\000g\000o\000r\000i\000t\000h\000m}{section.4.5}% 39
\BOOKMARK [1][-]{section.4.6}{\376\377\000B\000i\000b\000l\000i\000o\000g\000r\000a\000p\000h\000y}{chapter.4}% 40
\BOOKMARK [0][-]{chapter.5}{\376\377\000H\000e\000r\000a\000l\000d\000e\000d\000\040\000e\000n\000t\000a\000n\000g\000l\000e\000m\000e\000n\000t\000\040\000a\000n\000d\000\040\000u\000n\000c\000o\000n\000d\000i\000t\000i\000o\000n\000a\000l\000\040\000t\000e\000l\000e\000p\000o\000r\000t\000a\000t\000i\000o\000n\000\040\000b\000e\000t\000w\000e\000e\000n\000\040\000r\000e\000m\000o\000t\000e\000\040\000q\000u\000b\000i\000t\000s}{}% 41
\BOOKMARK [1][-]{section.5.1}{\376\377\000I\000n\000t\000r\000o\000d\000u\000c\000t\000i\000o\000n}{chapter.5}% 42
\BOOKMARK [1][-]{section.5.2}{\376\377\000H\000e\000r\000a\000l\000d\000e\000d\000\040\000e\000n\000t\000a\000n\000g\000l\000e\000m\000e\000n\000t}{chapter.5}% 43
\BOOKMARK [2][-]{subsection.5.2.1}{\376\377\000I\000m\000p\000l\000e\000m\000e\000n\000t\000a\000t\000i\000o\000n}{section.5.2}% 44
\BOOKMARK [2][-]{subsection.5.2.2}{\376\377\000D\000e\000m\000o\000n\000s\000t\000r\000a\000t\000i\000o\000n\000\040\000o\000f\000\040\000r\000e\000m\000o\000t\000e\000\040\000e\000n\000t\000a\000n\000g\000l\000e\000m\000e\000n\000t}{section.5.2}% 45
\BOOKMARK [1][-]{section.5.3}{\376\377\000T\000e\000l\000e\000p\000o\000r\000t\000a\000t\000i\000o\000n}{chapter.5}% 46
\BOOKMARK [1][-]{section.5.4}{\376\377\000M\000e\000t\000h\000o\000d\000s}{chapter.5}% 47
\BOOKMARK [1][-]{section.5.5}{\376\377\000B\000i\000b\000l\000i\000o\000g\000r\000a\000p\000h\000y}{chapter.5}% 48
\BOOKMARK [0][-]{chapter.6}{\376\377\000A\000n\000a\000l\000y\000s\000i\000s\000\040\000o\000f\000\040\000a\000\040\000q\000u\000a\000n\000t\000u\000m\000\040\000m\000e\000m\000o\000r\000y\000\040\000w\000i\000t\000h\000\040\000o\000p\000t\000i\000c\000a\000l\000\040\000i\000n\000t\000e\000r\000f\000a\000c\000e\000\040\000i\000n\000\040\000d\000i\000a\000m\000o\000n\000d\000\040}{}% 49
\BOOKMARK [1][-]{section.6.1}{\376\377\000I\000n\000t\000r\000o\000d\000u\000c\000t\000i\000o\000n}{chapter.6}% 50
\BOOKMARK [1][-]{section.6.2}{\376\377\000C\000o\000n\000t\000r\000o\000l\000\040\000a\000n\000d\000\040\000C\000h\000a\000r\000a\000c\000t\000e\000r\000i\000z\000a\000t\000i\000o\000n\000\040\000o\000f\000\040\000n\000u\000c\000l\000e\000a\000r\000\040\000s\000p\000i\000n\000s\000\040\000i\000n\000\040\000d\000i\000a\000m\000o\000n\000d}{chapter.6}% 51
\BOOKMARK [1][-]{section.6.3}{\376\377\000M\000o\000d\000e\000l\000i\000n\000g\000\040\000t\000h\000e\000\040\000d\000e\000p\000h\000a\000s\000i\000n\000g\000\040\000o\000f\000\040\000a\000\040\000c\000a\000r\000b\000o\000n\000\040\000s\000p\000i\000n\000\040\000d\000u\000r\000i\000n\000g\000\040\000e\000n\000t\000a\000n\000g\000l\000e\000m\000e\000n\000t\000\040\000g\000e\000n\000e\000r\000a\000t\000i\000o\000n}{chapter.6}% 52
\BOOKMARK [1][-]{section.6.4}{\376\377\000M\000e\000t\000h\000o\000d\000s}{chapter.6}% 53
\BOOKMARK [1][-]{section.6.5}{\376\377\000B\000i\000b\000l\000i\000o\000g\000r\000a\000p\000h\000y}{chapter.6}% 54
\BOOKMARK [0][-]{chapter.7}{\376\377\000S\000t\000o\000r\000i\000n\000g\000\040\000a\000\040\000q\000u\000a\000n\000t\000u\000m\000\040\000s\000t\000a\000t\000e\000\040\000d\000u\000r\000i\000n\000g\000\040\000o\000p\000t\000i\000c\000a\000l\000\040\000e\000x\000c\000i\000t\000a\000t\000i\000o\000n\000\040\000o\000f\000\040\000a\000\040\000q\000u\000a\000n\000t\000u\000m\000\040\000n\000e\000t\000w\000o\000r\000k\000\040\000n\000o\000d\000e}{}% 55
\BOOKMARK [1][-]{section.7.1}{\376\377\000C\000o\000n\000t\000r\000o\000l\000l\000i\000n\000g\000\040\000a\000\040\000w\000e\000a\000k\000l\000y\000\040\000c\000o\000u\000p\000l\000e\000d\000\040\0001\0003\000C\000-\000s\000p\000i\000n\000\040\000i\000n\000\040\000i\000s\000o\000t\000o\000p\000i\000c\000a\000l\000l\000y\000\040\000p\000u\000r\000i\000f\000i\000e\000d\000\040\000d\000i\000a\000m\000o\000n\000d\000.}{chapter.7}% 56
\BOOKMARK [1][-]{section.7.2}{\376\377\000F\000a\000s\000t\000\040\000o\000p\000t\000i\000c\000a\000l\000\040\000r\000e\000s\000e\000t\000\040\000o\000f\000\040\000t\000h\000e\000\040\000e\000l\000e\000c\000t\000r\000o\000n\000\040\000s\000p\000i\000n\000.}{chapter.7}% 57
\BOOKMARK [1][-]{section.7.3}{\376\377\000D\000e\000p\000h\000a\000s\000i\000n\000g\000\040\000o\000f\000\040\000a\000\040\000c\000a\000r\000b\000o\000n\000\040\000s\000p\000i\000n\000\040\000u\000p\000o\000n\000\040\000o\000p\000t\000i\000c\000a\000l\000\040\000e\000x\000c\000i\000t\000a\000t\000i\000o\000n\000\040\000o\000f\000\040\000t\000h\000e\000\040\000e\000l\000e\000c\000t\000r\000o\000n\000\040\000s\000p\000i\000n\000.}{chapter.7}% 58
\BOOKMARK [1][-]{section.7.4}{\376\377\000B\000i\000b\000l\000i\000o\000g\000r\000a\000p\000h\000y}{chapter.7}% 59
\BOOKMARK [0][-]{chapter.8}{\376\377\000C\000o\000n\000c\000l\000u\000s\000i\000o\000n\000s\000\040\000a\000n\000d\000\040\000o\000u\000t\000l\000o\000o\000k}{}% 60
\BOOKMARK [1][-]{section.8.1}{\376\377\000C\000o\000n\000c\000l\000u\000s\000i\000o\000n\000s}{chapter.8}% 61
\BOOKMARK [1][-]{section.8.2}{\376\377\000Q\000u\000a\000n\000t\000u\000m\000\040\000I\000n\000f\000o\000r\000m\000a\000t\000i\000o\000n\000\040\000P\000r\000o\000c\000e\000s\000s\000i\000n\000g\000\040\000w\000i\000t\000h\000\040\000N\000V\000\040\000c\000e\000n\000t\000e\000r\000s\000\040\000i\000n\000\040\000d\000i\000a\000m\000o\000n\000d}{chapter.8}% 62
\BOOKMARK [1][-]{section.8.3}{\376\377\000S\000i\000n\000g\000l\000e\000\040\000s\000p\000i\000n\000\040\000s\000e\000n\000s\000o\000r\000s}{chapter.8}% 63
\BOOKMARK [1][-]{section.8.4}{\376\377\000F\000u\000n\000d\000a\000m\000e\000n\000t\000a\000l\000s\000\040\000o\000f\000\040\000q\000u\000a\000n\000t\000u\000m\000\040\000m\000e\000c\000h\000a\000n\000i\000c\000s}{chapter.8}% 64
\BOOKMARK [1][-]{section.8.5}{\376\377\000B\000i\000b\000l\000i\000o\000g\000r\000a\000p\000h\000y}{chapter.8}% 65
\BOOKMARK [0][-]{appendix.A}{\376\377\000I\000m\000p\000l\000e\000m\000e\000n\000t\000a\000t\000i\000o\000n\000\040\000o\000f\000\040\000p\000a\000r\000t\000i\000a\000l\000\040\000m\000e\000a\000s\000u\000r\000e\000m\000e\000n\000t\000s}{}% 66
\BOOKMARK [1][-]{section.A.1}{\376\377\000L\000e\000v\000e\000l\000s\000\040\000a\000n\000d\000\040\000H\000a\000m\000i\000l\000t\000o\000n\000i\000a\000n}{appendix.A}% 67
\BOOKMARK [1][-]{section.A.2}{\376\377\000Q\000u\000b\000i\000t\000\040\000i\000n\000i\000t\000i\000a\000l\000i\000z\000a\000t\000i\000o\000n}{appendix.A}% 68
\BOOKMARK [1][-]{section.A.3}{\376\377\000N\000u\000c\000l\000e\000u\000s\000-\000i\000n\000d\000e\000p\000e\000n\000d\000e\000n\000t\000\040\000e\000l\000e\000c\000t\000r\000o\000n\000\040\000s\000p\000i\000n\000\040\000r\000o\000t\000a\000t\000i\000o\000n\000s}{appendix.A}% 69
\BOOKMARK [1][-]{section.A.4}{\376\377\000E\000l\000e\000c\000t\000r\000o\000n\000-\000i\000n\000d\000e\000p\000e\000n\000d\000e\000n\000t\000\040\000n\000u\000c\000l\000e\000a\000r\000\040\000s\000p\000i\000n\000\040\000r\000o\000t\000a\000t\000i\000o\000n}{appendix.A}% 70
\BOOKMARK [1][-]{section.A.5}{\376\377\000P\000a\000r\000t\000i\000a\000l\000\040\000m\000e\000a\000s\000u\000r\000e\000m\000e\000n\000t\000s\000\040\000w\000i\000t\000h\000\040\000c\000o\000n\000t\000r\000o\000l\000l\000e\000d\000\040\000s\000t\000r\000e\000n\000g\000t\000h\000:\000\040\000T\000h\000e\000o\000r\000y}{appendix.A}% 71
\BOOKMARK [1][-]{section.A.6}{\376\377\000C\000h\000a\000r\000a\000c\000t\000e\000r\000i\000z\000a\000t\000i\000o\000n\000\040\000o\000f\000\040\000t\000h\000e\000\040\000p\000a\000r\000t\000i\000a\000l\000\040\000m\000e\000a\000s\000u\000r\000e\000m\000e\000n\000t\000s}{appendix.A}% 72
\BOOKMARK [1][-]{section.A.7}{\376\377\000W\000e\000a\000k\000\040\000v\000a\000l\000u\000e\000\040\000a\000n\000d\000\040\000c\000o\000n\000d\000i\000t\000i\000o\000n\000e\000d\000\040\000a\000v\000e\000r\000a\000g\000e}{appendix.A}% 73
\BOOKMARK [1][-]{section.A.8}{\376\377\000E\000x\000p\000e\000r\000i\000m\000e\000n\000t\000a\000l\000\040\000q\000u\000a\000n\000t\000u\000m\000\040\000w\000e\000a\000k\000\040\000v\000a\000l\000u\000e\000\040\000f\000o\000r\000\040\000a\000\040\000s\000p\000i\000n\000\040\000q\000u\000b\000i\000t}{appendix.A}% 74
\BOOKMARK [1][-]{section.A.9}{\376\377\000P\000a\000r\000t\000i\000a\000l\000\040\000m\000e\000a\000s\000u\000r\000e\000m\000e\000n\000t\000s\000\040\000a\000s\000\040\000p\000r\000o\000b\000a\000b\000i\000l\000i\000s\000t\000i\000c\000\040\000r\000o\000t\000a\000t\000i\000o\000n\000s}{appendix.A}% 75
\BOOKMARK [1][-]{section.A.10}{\376\377\000H\000e\000r\000a\000l\000d\000e\000d\000\040\000s\000e\000q\000u\000e\000n\000t\000i\000a\000l\000\040\000m\000e\000a\000s\000u\000r\000e\000m\000e\000n\000t\000s\000:\000\040\000u\000n\000-\000c\000o\000l\000l\000a\000p\000s\000e\000\040\000a\000n\000d\000\040\000s\000t\000e\000e\000r\000i\000n\000g}{appendix.A}% 76
\BOOKMARK [1][-]{section.A.11}{\376\377\000S\000t\000a\000t\000e\000\040\000s\000t\000e\000e\000r\000i\000n\000g\000\040\000b\000y\000\040\000r\000e\000a\000l\000-\000t\000i\000m\000e\000\040\000a\000d\000a\000p\000t\000i\000v\000e\000\040\000m\000e\000a\000s\000u\000r\000e\000m\000e\000n\000t\000s}{appendix.A}% 77
\BOOKMARK [2][-]{subsection.A.11.1}{\376\377\000I\000d\000e\000a\000l\000\040\000p\000r\000o\000t\000o\000c\000o\000l}{section.A.11}% 78
\BOOKMARK [2][-]{subsection.A.11.2}{\376\377\000E\000r\000r\000o\000r\000\040\000a\000n\000a\000l\000y\000s\000i\000s}{section.A.11}% 79
\BOOKMARK [2][-]{subsection.A.11.3}{\376\377\000D\000y\000n\000a\000m\000i\000c\000a\000l\000-\000s\000t\000o\000p\000\040\000e\000l\000e\000c\000t\000r\000o\000n\000\040\000r\000e\000a\000d\000-\000o\000u\000t}{section.A.11}% 80
\BOOKMARK [1][-]{section.A.12}{\376\377\000B\000i\000b\000l\000i\000o\000g\000r\000a\000p\000h\000y}{appendix.A}% 81
\BOOKMARK [0][-]{appendix.B}{\376\377\000H\000e\000r\000a\000l\000d\000e\000d\000\040\000e\000n\000t\000a\000n\000g\000l\000e\000m\000e\000n\000t}{}% 82
\BOOKMARK [1][-]{subsection.B.0.1}{\376\377\000S\000e\000t\000u\000p}{appendix.B}% 83
\BOOKMARK [2][-]{subsection.B.0.2}{\376\377\000R\000e\000j\000e\000c\000t\000i\000o\000n\000\040\000o\000f\000\040\000r\000e\000s\000o\000n\000a\000n\000t\000\040\000e\000x\000c\000i\000t\000a\000t\000i\000o\000n\000\040\000l\000i\000g\000h\000t}{subsection.B.0.1}% 84
\BOOKMARK [2][-]{subsection.B.0.3}{\376\377\000E\000x\000p\000e\000r\000i\000m\000e\000n\000t\000a\000l\000\040\000c\000o\000n\000t\000r\000o\000l}{subsection.B.0.1}% 85
\BOOKMARK [2][-]{subsection.B.0.4}{\376\377\000O\000p\000t\000i\000c\000a\000l\000\040\000R\000a\000b\000i\000\040\000o\000s\000c\000i\000l\000l\000a\000t\000i\000o\000n\000s}{subsection.B.0.1}% 86
\BOOKMARK [1][-]{section.B.1}{\376\377\000F\000i\000d\000e\000l\000i\000t\000y\000\040\000m\000e\000a\000s\000u\000r\000e}{appendix.B}% 87
\BOOKMARK [1][-]{section.B.2}{\376\377\000S\000p\000i\000n\000\040\000r\000e\000a\000d\000o\000u\000t}{appendix.B}% 88
\BOOKMARK [2][-]{subsection.B.2.1}{\376\377\000S\000i\000n\000g\000l\000e\000-\000s\000h\000o\000t\000\040\000r\000e\000a\000d\000o\000u\000t\000\040\000c\000h\000a\000r\000a\000c\000t\000e\000r\000i\000s\000a\000t\000i\000o\000n}{section.B.2}% 89
\BOOKMARK [2][-]{subsection.B.2.2}{\376\377\000M\000a\000x\000i\000m\000u\000m\000\040\000l\000i\000k\000e\000l\000i\000h\000o\000o\000d\000\040\000e\000s\000t\000i\000m\000a\000t\000e\000\040\000o\000f\000\040\000t\000h\000e\000\040\000s\000t\000a\000t\000e\000\040\000p\000r\000o\000b\000a\000b\000i\000l\000i\000t\000i\000e\000s}{section.B.2}% 90
\BOOKMARK [2][-]{subsection.B.2.3}{\376\377\000M\000a\000x\000i\000m\000u\000m\000\040\000l\000i\000k\000e\000l\000i\000h\000o\000o\000d\000\040\000e\000s\000t\000i\000m\000a\000t\000e\000\040\000o\000f\000\040\000t\000h\000e\000\040\000f\000i\000d\000e\000l\000i\000t\000y}{section.B.2}% 91
\BOOKMARK [1][-]{section.B.3}{\376\377\000E\000r\000r\000o\000r\000\040\000e\000s\000t\000i\000m\000a\000t\000i\000o\000n}{appendix.B}% 92
\BOOKMARK [2][-]{subsection.B.3.1}{\376\377\000S\000p\000i\000n\000\040\000s\000t\000a\000t\000e\000\040\000i\000n\000i\000t\000i\000a\000l\000i\000z\000a\000t\000i\000o\000n}{section.B.3}% 93
\BOOKMARK [2][-]{subsection.B.3.2}{\376\377\000S\000p\000i\000n\000-\000f\000l\000i\000p\000s\000\040\000i\000n\000\040\000t\000h\000e\000\040\000e\000x\000c\000i\000t\000e\000d\000\040\000s\000t\000a\000t\000e\000\040\000m\000a\000n\000i\000f\000o\000l\000d}{section.B.3}% 94
\BOOKMARK [2][-]{subsection.B.3.3}{\376\377\000M\000i\000c\000r\000o\000w\000a\000v\000e\000\040\000P\000u\000l\000s\000e\000\040\000E\000r\000r\000o\000r\000s}{section.B.3}% 95
\BOOKMARK [2][-]{subsection.B.3.4}{\376\377\000S\000p\000i\000n\000\040\000C\000o\000h\000e\000r\000e\000n\000c\000e\000\040\000a\000n\000d\000\040\000D\000y\000n\000a\000m\000i\000c\000a\000l\000\040\000D\000e\000c\000o\000u\000p\000l\000i\000n\000g}{section.B.3}% 96
\BOOKMARK [2][-]{subsection.B.3.5}{\376\377\000R\000e\000s\000i\000d\000u\000a\000l\000\040\000l\000a\000s\000e\000r\000\040\000p\000h\000o\000t\000o\000n\000s}{section.B.3}% 97
\BOOKMARK [2][-]{subsection.B.3.6}{\376\377\000D\000e\000t\000e\000c\000t\000o\000r\000\040\000d\000a\000r\000k\000\040\000c\000o\000u\000n\000t\000s}{section.B.3}% 98
\BOOKMARK [2][-]{subsection.B.3.7}{\376\377\000O\000f\000f\000-\000r\000e\000s\000o\000n\000a\000n\000t\000\040\000e\000x\000c\000i\000t\000a\000t\000i\000o\000n}{section.B.3}% 99
\BOOKMARK [2][-]{subsection.B.3.8}{\376\377\000A\000P\000D\000\040\000A\000f\000t\000e\000r\000-\000p\000u\000l\000s\000i\000n\000g}{section.B.3}% 100
\BOOKMARK [2][-]{subsection.B.3.9}{\376\377\000D\000e\000p\000h\000a\000s\000i\000n\000g}{section.B.3}% 101
\BOOKMARK [1][-]{section.B.4}{\376\377\000T\000P\000Q\000I\000\040\000s\000i\000g\000n\000a\000t\000u\000r\000e}{appendix.B}% 102
\BOOKMARK [1][-]{section.B.5}{\376\377\000P\000h\000a\000s\000e\000\040\000o\000f\000\040\000t\000h\000e\000\040\000e\000n\000t\000a\000n\000g\000l\000e\000d\000\040\000s\000t\000a\000t\000e}{appendix.B}% 103
\BOOKMARK [2][-]{subsection.B.5.1}{\376\377\000R\000e\000l\000a\000t\000i\000o\000n\000\040\000t\000o\000\040\000T\000P\000Q\000I\000\040\000v\000i\000s\000i\000b\000i\000l\000i\000t\000y}{section.B.5}% 104
\BOOKMARK [1][-]{section.B.6}{\376\377\000B\000i\000b\000l\000i\000o\000g\000r\000a\000p\000h\000y}{appendix.B}% 105
\BOOKMARK [0][-]{appendix.C}{\376\377\000T\000e\000l\000e\000p\000o\000r\000t\000a\000t\000i\000o\000n}{}% 106
\BOOKMARK [1][-]{subsection.C.0.1}{\376\377\000C\000o\000n\000v\000e\000n\000t\000i\000o\000n\000s}{appendix.C}% 107
\BOOKMARK [2][-]{section*.63}{\376\377\000H\000a\000m\000i\000l\000t\000o\000n\000i\000a\000n\000\040\000o\000f\000\040\000A\000l\000i\000c\000e}{subsection.C.0.1}% 108
\BOOKMARK [2][-]{subsection.C.0.2}{\376\377\000D\000e\000s\000i\000r\000e\000d\000\040\000s\000t\000a\000t\000e\000\040\000e\000v\000o\000l\000u\000t\000i\000o\000n}{subsection.C.0.1}% 109
\BOOKMARK [3][-]{section*.64}{\376\377\000S\000o\000u\000r\000c\000e\000\040\000s\000t\000a\000t\000e\000\040\000p\000r\000e\000p\000a\000r\000a\000t\000i\000o\000n}{subsection.C.0.2}% 110
\BOOKMARK [3][-]{section*.65}{\376\377\000B\000e\000l\000l\000-\000s\000t\000a\000t\000e\000\040\000m\000e\000a\000s\000u\000r\000e\000m\000e\000n\000t}{subsection.C.0.2}% 111
\BOOKMARK [3][-]{section*.66}{\376\377\000P\000h\000a\000s\000e\000\040\000c\000a\000l\000i\000b\000r\000a\000t\000i\000o\000n}{subsection.C.0.2}% 112
\BOOKMARK [4][-]{section*.67}{\376\377\000D\000y\000n\000a\000m\000i\000c\000a\000l\000\040\000d\000e\000c\000o\000u\000p\000l\000i\000n\000g\000\040\000o\000f\000\040\000B\000o\000b\000'\000s\000\040\000e\000l\000e\000c\000t\000r\000o\000n\000\040\000s\000p\000i\000n}{section*.66}% 113
\BOOKMARK [3][-]{section*.68}{\376\377\000F\000e\000e\000d\000-\000f\000o\000r\000w\000a\000r\000d}{subsection.C.0.2}% 114
\BOOKMARK [1][-]{section.C.1}{\376\377\000D\000a\000t\000a\000\040\000a\000n\000a\000l\000y\000s\000i\000s}{appendix.C}% 115
\BOOKMARK [1][-]{section.C.2}{\376\377\000E\000r\000r\000o\000r\000\040\000m\000o\000d\000e\000l}{appendix.C}% 116
\BOOKMARK [2][-]{subsection.C.2.1}{\376\377\000C\000N\000O\000T\000\040\000p\000u\000l\000s\000e\000s}{section.C.2}% 117
\BOOKMARK [2][-]{subsection.C.2.2}{\376\377\000N\000u\000c\000l\000e\000a\000r\000\040\000s\000p\000i\000n\000\040\000i\000n\000i\000t\000i\000a\000l\000i\000z\000a\000t\000i\000o\000n}{section.C.2}% 118
\BOOKMARK [2][-]{subsection.C.2.3}{\376\377\000R\000e\000a\000d\000o\000u\000t}{section.C.2}% 119
\BOOKMARK [2][-]{subsection.C.2.4}{\376\377\000P\000h\000o\000t\000o\000n\000\040\000i\000n\000d\000i\000s\000t\000i\000n\000g\000u\000i\000s\000h\000a\000b\000i\000l\000i\000t\000y\000\040\000a\000n\000d\000\040\000e\000n\000t\000a\000n\000g\000l\000e\000d\000\040\000s\000t\000a\000t\000e\000\040\000f\000i\000d\000e\000l\000i\000t\000y}{section.C.2}% 120
\BOOKMARK [1][-]{section.C.3}{\376\377\000F\000u\000r\000t\000h\000e\000r\000\040\000a\000n\000a\000l\000y\000s\000i\000s\000\040\000o\000f\000\040\000t\000h\000e\000\040\000t\000e\000l\000e\000p\000o\000r\000t\000e\000r\000\040\000p\000e\000r\000f\000o\000r\000m\000a\000n\000c\000e}{appendix.C}% 121
\BOOKMARK [2][-]{subsection.C.3.1}{\376\377\000E\000f\000f\000e\000c\000t\000\040\000o\000f\000\040\000t\000h\000e\000\040\000f\000e\000e\000d\000-\000f\000o\000r\000w\000a\000r\000d\000\040\000o\000p\000e\000r\000a\000t\000i\000o\000n}{section.C.3}% 122
\BOOKMARK [2][-]{subsection.C.3.2}{\376\377\000C\000o\000r\000r\000e\000c\000t\000i\000o\000n\000\040\000f\000o\000r\000\040\000i\000n\000t\000i\000a\000l\000i\000z\000a\000t\000i\000o\000n}{section.C.3}% 123
\BOOKMARK [2][-]{subsection.C.3.3}{\376\377\000T\000e\000l\000e\000p\000o\000r\000t\000a\000t\000i\000o\000n\000\040\000f\000i\000d\000e\000l\000i\000t\000y\000\040\000b\000y\000\040\000B\000e\000l\000l\000-\000s\000t\000a\000t\000e\000\040\000m\000e\000a\000s\000u\000r\000e\000m\000e\000n\000t\000\040\000o\000u\000t\000c\000o\000m\000e}{section.C.3}% 124
\BOOKMARK [2][-]{subsection.C.3.4}{\376\377\000P\000r\000o\000b\000a\000b\000i\000l\000i\000t\000y\000\040\000o\000f\000\040\000B\000S\000M\000\040\000o\000u\000t\000c\000o\000m\000e\000s}{section.C.3}% 125
\BOOKMARK [1][-]{section.C.4}{\376\377\000B\000i\000b\000l\000i\000o\000g\000r\000a\000p\000h\000y}{appendix.C}% 126
